<?xml version="1.0" encoding="UTF-8" ?>
<testsuite tests="31" failures="0" name="TestSuite" time="51.173" errors="0" skipped="0">
  <properties>
    <property name="java.vendor" value="Oracle Corporation"/>
    <property name="JOB_NAME" value="FreeCRMNewTestsJob"/>
    <property name="sun.java.launcher" value="SUN_STANDARD"/>
    <property name="NUMBER_OF_PROCESSORS" value="8"/>
    <property name="sun.management.compiler" value="HotSpot 64-Bit Tiered Compilers"/>
    <property name="JENKINS_HOME" value="C:\Learning\Jenkins\JenkinsHome"/>
    <property name="HUDSON_SERVER_COOKIE" value="63a5ab337c3a1eb8"/>
    <property name="POM_ARTIFACTID" value="FreeCRMNew"/>
    <property name="os.name" value="Windows 10"/>
    <property name="sun.boot.class.path" value="C:\Program Files\Java\jdk1.8.0_201\jre\lib\resources.jar;C:\Program Files\Java\jdk1.8.0_201\jre\lib\rt.jar;C:\Program Files\Java\jdk1.8.0_201\jre\lib\sunrsasign.jar;C:\Program Files\Java\jdk1.8.0_201\jre\lib\jsse.jar;C:\Program Files\Java\jdk1.8.0_201\jre\lib\jce.jar;C:\Program Files\Java\jdk1.8.0_201\jre\lib\charsets.jar;C:\Program Files\Java\jdk1.8.0_201\jre\lib\jfr.jar;C:\Program Files\Java\jdk1.8.0_201\jre\classes"/>
    <property name="EXECUTOR_NUMBER" value="1"/>
    <property name="sun.desktop" value="windows"/>
    <property name="PATHEXT" value=".COM;.EXE;.BAT;.CMD;.VBS;.VBE;.JS;.JSE;.WSF;.WSH;.MSC"/>
    <property name="java.vm.specification.vendor" value="Oracle Corporation"/>
    <property name="POM_DISPLAYNAME" value="FreeCRMNew"/>
    <property name="NODE_LABELS" value="master"/>
    <property name="TEMP" value="C:\Users\sosud\AppData\Local\Temp"/>
    <property name="java.runtime.version" value="1.8.0_201-b09"/>
    <property name="user.name" value="sosud"/>
    <property name="guice.disable.misplaced.annotation.check" value="true"/>
    <property name="CommonProgramW6432" value="C:\Program Files\Common Files"/>
    <property name="ProgramFiles" value="C:\Program Files"/>
    <property name="PROMPT" value="$P$G"/>
    <property name="user.language" value="en"/>
    <property name="JOB_BASE_NAME" value="FreeCRMNewTestsJob"/>
    <property name="RUN_CHANGES_DISPLAY_URL" value="http://localhost:8080/job/FreeCRMNewTestsJob/2/display/redirect?page=changes"/>
    <property name="BUILD_DISPLAY_NAME" value="#2"/>
    <property name="OneDrive" value="C:\Users\sosud\OneDrive"/>
    <property name="sun.boot.library.path" value="C:\Program Files\Java\jdk1.8.0_201\jre\bin"/>
    <property name="LOCALAPPDATA" value="C:\Users\sosud\AppData\Local"/>
    <property name="java.version" value="1.8.0_201"/>
    <property name="PROCESSOR_LEVEL" value="6"/>
    <property name="user.timezone" value="America/New_York"/>
    <property name="USERNAME" value="sosud"/>
    <property name="sun.arch.data.model" value="64"/>
    <property name="NODE_NAME" value="master"/>
    <property name="OneDriveConsumer" value="C:\Users\sosud\OneDrive"/>
    <property name="java.endorsed.dirs" value="C:\Program Files\Java\jdk1.8.0_201\jre\lib\endorsed"/>
    <property name="BUILD_ID" value="2"/>
    <property name="sun.cpu.isalist" value="amd64"/>
    <property name="sun.jnu.encoding" value="Cp1252"/>
    <property name="file.encoding.pkg" value="sun.io"/>
    <property name="file.separator" value="\"/>
    <property name="java.specification.name" value="Java Platform API Specification"/>
    <property name="HOMEDRIVE" value="C:"/>
    <property name="maven.conf" value="C:\Learning\Jenkins\JenkinsHome\tools\hudson.tasks.Maven_MavenInstallation\TestMaven\conf"/>
    <property name="java.class.version" value="52.0"/>
    <property name="=::" value="::\"/>
    <property name="org.slf4j.simpleLogger.defaultLogLevel" value="info"/>
    <property name="user.country" value="US"/>
    <property name="ALLUSERSPROFILE" value="C:\ProgramData"/>
    <property name="java.home" value="C:\Program Files\Java\jdk1.8.0_201\jre"/>
    <property name="java.vm.info" value="mixed mode"/>
    <property name="os.version" value="10.0"/>
    <property name="=ExitCode" value="00000082"/>
    <property name="RUN_DISPLAY_URL" value="http://localhost:8080/job/FreeCRMNewTestsJob/2/display/redirect"/>
    <property name="POM_VERSION" value="0.0.1-SNAPSHOT"/>
    <property name="TMP" value="C:\Users\sosud\AppData\Local\Temp"/>
    <property name="path.separator" value=";"/>
    <property name="java.vm.version" value="25.201-b09"/>
    <property name="user.variant" value=""/>
    <property name="JOB_DISPLAY_URL" value="http://localhost:8080/job/FreeCRMNewTestsJob/display/redirect"/>
    <property name="CommonProgramFiles(x86)" value="C:\Program Files (x86)\Common Files"/>
    <property name="USERDOMAIN_ROAMINGPROFILE" value="DESKTOP-CIG5KTI"/>
    <property name="java.awt.printerjob" value="sun.awt.windows.WPrinterJob"/>
    <property name="JAVA_HOME" value="C:\Program Files\Java\jdk1.8.0_201"/>
    <property name="sun.io.unicode.encoding" value="UnicodeLittle"/>
    <property name="CommonProgramFiles" value="C:\Program Files\Common Files"/>
    <property name="ComSpec" value="C:\WINDOWS\system32\cmd.exe"/>
    <property name="HOMEPATH" value="\Users\sosud"/>
    <property name="awt.toolkit" value="sun.awt.windows.WToolkit"/>
    <property name="POM_PACKAGING" value="jar"/>
    <property name="user.script" value=""/>
    <property name="COMPUTERNAME" value="DESKTOP-CIG5KTI"/>
    <property name="POM_GROUPID" value="FreeCRMAutomation"/>
    <property name="user.home" value="C:\Users\sosud"/>
    <property name="PUBLIC" value="C:\Users\Public"/>
    <property name="BUILD_TAG" value="jenkins-FreeCRMNewTestsJob-2"/>
    <property name="JENKINS_SERVER_COOKIE" value="63a5ab337c3a1eb8"/>
    <property name="HUDSON_URL" value="http://localhost:8080/"/>
    <property name="ProgramData" value="C:\ProgramData"/>
    <property name="java.specification.vendor" value="Oracle Corporation"/>
    <property name="USERPROFILE" value="C:\Users\sosud"/>
    <property name="CLASSPATH" value=""/>
    <property name="java.vendor.url" value="http://java.oracle.com/"/>
    <property name="java.library.path" value="C:\Program Files\Java\jdk1.8.0_201\bin;C:\WINDOWS\Sun\Java\bin;C:\WINDOWS\system32;C:\WINDOWS;C:\Learning\Jenkins\JenkinsHome\tools\hudson.tasks.Maven_MavenInstallation\TestMaven/bin;C:\Windows\system32;C:\Windows;C:\Windows\System32\Wbem;C:\Windows\System32\WindowsPowerShell\v1.0\;C:\Program Files (x86)\NVIDIA Corporation\PhysX\Common;C:\WINDOWS\system32;C:\WINDOWS;C:\WINDOWS\System32\Wbem;C:\WINDOWS\System32\WindowsPowerShell\v1.0\;C:\Program Files (x86)\python;C:\WINDOWS\System32\OpenSSH\;C:\Program Files\Java\jdk1.8.0_201\bin;C:\Program Files\Git\cmd;C:\Program Files (x86)\Intel\Intel(R) Management Engine Components\DAL;C:\Program Files\Intel\Intel(R) Management Engine Components\DAL;C:\Program Files\NVIDIA Corporation\NVIDIA NvDLISR;C:\WINDOWS\system32;C:\WINDOWS;C:\WINDOWS\System32\Wbem;C:\WINDOWS\System32\WindowsPowerShell\v1.0\;C:\WINDOWS\System32\OpenSSH\;C:\Users\sosud\Anaconda3;C:\Users\sosud\Anaconda3\Library\mingw-w64\bin;C:\Users\sosud\Anaconda3\Library\usr\bin;C:\Users\sosud\Anaconda3\Library\bin;C:\Users\sosud\Anaconda3\Scripts;C:\Users\sosud\AppData\Local\Programs\Python\Python36\Scripts\;C:\Users\sosud\AppData\Local\Programs\Python\Python36\;C:\Users\sosud\AppData\Local\Microsoft\WindowsApps;C:\Users\sosud\AppData\Local\GitHubDesktop\bin;C:\Users\sosud\AppData\Local\Microsoft\WindowsApps;C:\Program Files\Java\jdk1.8.0_201\bin;C:\Program Files\Intel\WiFi\bin\;C:\Program Files\Common Files\Intel\WirelessCommon\;;."/>
    <property name="java.vm.vendor" value="Oracle Corporation"/>
    <property name="APPDATA" value="C:\Users\sosud\AppData\Roaming"/>
    <property name="java.runtime.name" value="Java(TM) SE Runtime Environment"/>
    <property name="maven.home" value="C:\Learning\Jenkins\JenkinsHome\tools\hudson.tasks.Maven_MavenInstallation\TestMaven"/>
    <property name="java.class.path" value="C:\Learning\Jenkins\JenkinsHome\plugins\maven-plugin\WEB-INF\lib\maven35-agent-1.12.jar;C:\Learning\Jenkins\JenkinsHome\tools\hudson.tasks.Maven_MavenInstallation\TestMaven\boot\plexus-classworlds-2.5.2.jar;C:\Learning\Jenkins\JenkinsHome\tools\hudson.tasks.Maven_MavenInstallation\TestMaven/conf/logging"/>
    <property name="sun.java.command" value="jenkins.maven3.agent.Maven35Main C:\Learning\Jenkins\JenkinsHome\tools\hudson.tasks.Maven_MavenInstallation\TestMaven C:\Learning\Jenkins\JenkinsHome\war\WEB-INF\lib\remoting-3.29.jar C:\Learning\Jenkins\JenkinsHome\plugins\maven-plugin\WEB-INF\lib\maven35-interceptor-1.12.jar C:\Learning\Jenkins\JenkinsHome\plugins\maven-plugin\WEB-INF\lib\maven3-interceptor-commons-1.12.jar 51628"/>
    <property name="Path" value="C:\Windows\system32;C:\Windows;C:\Windows\System32\Wbem;C:\Windows\System32\WindowsPowerShell\v1.0\;C:\Program Files (x86)\NVIDIA Corporation\PhysX\Common;C:\WINDOWS\system32;C:\WINDOWS;C:\WINDOWS\System32\Wbem;C:\WINDOWS\System32\WindowsPowerShell\v1.0\;C:\Program Files (x86)\python;C:\WINDOWS\System32\OpenSSH\;C:\Program Files\Java\jdk1.8.0_201\bin;C:\Program Files\Git\cmd;C:\Program Files (x86)\Intel\Intel(R) Management Engine Components\DAL;C:\Program Files\Intel\Intel(R) Management Engine Components\DAL;C:\Program Files\NVIDIA Corporation\NVIDIA NvDLISR;C:\WINDOWS\system32;C:\WINDOWS;C:\WINDOWS\System32\Wbem;C:\WINDOWS\System32\WindowsPowerShell\v1.0\;C:\WINDOWS\System32\OpenSSH\;C:\Users\sosud\Anaconda3;C:\Users\sosud\Anaconda3\Library\mingw-w64\bin;C:\Users\sosud\Anaconda3\Library\usr\bin;C:\Users\sosud\Anaconda3\Library\bin;C:\Users\sosud\Anaconda3\Scripts;C:\Users\sosud\AppData\Local\Programs\Python\Python36\Scripts\;C:\Users\sosud\AppData\Local\Programs\Python\Python36\;C:\Users\sosud\AppData\Local\Microsoft\WindowsApps;C:\Users\sosud\AppData\Local\GitHubDesktop\bin;C:\Users\sosud\AppData\Local\Microsoft\WindowsApps;C:\Program Files\Java\jdk1.8.0_201\bin;C:\Program Files\Intel\WiFi\bin\;C:\Program Files\Common Files\Intel\WirelessCommon\;"/>
    <property name="java.vm.specification.name" value="Java Virtual Machine Specification"/>
    <property name="PROCESSOR_ARCHITECTURE" value="AMD64"/>
    <property name="PROCESSOR_IDENTIFIER" value="Intel64 Family 6 Model 142 Stepping 10, GenuineIntel"/>
    <property name="SESSIONNAME" value="Console"/>
    <property name="java.vm.specification.version" value="1.8"/>
    <property name="sun.os.patch.level" value=""/>
    <property name="sun.cpu.endian" value="little"/>
    <property name="M2_HOME" value="C:\Learning\Jenkins\JenkinsHome\tools\hudson.tasks.Maven_MavenInstallation\TestMaven"/>
    <property name="java.io.tmpdir" value="C:\Users\sosud\AppData\Local\Temp\"/>
    <property name="OS" value="Windows_NT"/>
    <property name="HUDSON_HOME" value="C:\Learning\Jenkins\JenkinsHome"/>
    <property name="PATH+MAVEN" value="C:\Learning\Jenkins\JenkinsHome\tools\hudson.tasks.Maven_MavenInstallation\TestMaven/bin"/>
    <property name="ProgramFiles(x86)" value="C:\Program Files (x86)"/>
    <property name="BUILD_URL" value="http://localhost:8080/job/FreeCRMNewTestsJob/2/"/>
    <property name="java.vendor.url.bug" value="http://bugreport.sun.com/bugreport/"/>
    <property name="java.awt.graphicsenv" value="sun.awt.Win32GraphicsEnvironment"/>
    <property name="os.arch" value="amd64"/>
    <property name="SystemRoot" value="C:\WINDOWS"/>
    <property name="java.ext.dirs" value="C:\Program Files\Java\jdk1.8.0_201\jre\lib\ext;C:\WINDOWS\Sun\Java\lib\ext"/>
    <property name="user.dir" value="C:\Learning\elipse_Workspace\FreeCRMNew"/>
    <property name="JOB_URL" value="http://localhost:8080/job/FreeCRMNewTestsJob/"/>
    <property name="LOGONSERVER" value="\\DESKTOP-CIG5KTI"/>
    <property name="USERDOMAIN" value="DESKTOP-CIG5KTI"/>
    <property name="line.separator" value="
"/>
    <property name="MAVEN_HOME" value="C:\Learning\Jenkins\JenkinsHome\tools\hudson.tasks.Maven_MavenInstallation\TestMaven"/>
    <property name="java.vm.name" value="Java HotSpot(TM) 64-Bit Server VM"/>
    <property name="BUILD_NUMBER" value="2"/>
    <property name="JENKINS_URL" value="http://localhost:8080/"/>
    <property name="PROCESSOR_REVISION" value="8e0a"/>
    <property name="ProgramW6432" value="C:\Program Files"/>
    <property name="windir" value="C:\WINDOWS"/>
    <property name="=C:" value="C:\Learning\Jenkins"/>
    <property name="file.encoding" value="Cp1252"/>
    <property name="SystemDrive" value="C:"/>
    <property name="maven3.interceptor" value="C:\Learning\Jenkins\JenkinsHome\plugins\maven-plugin\WEB-INF\lib\maven35-interceptor-1.12.jar"/>
    <property name="WORKSPACE" value="C:\Learning\Jenkins\JenkinsHome\workspace\FreeCRMNewTestsJob"/>
    <property name="maven3.interceptor.common" value="C:\Learning\Jenkins\JenkinsHome\plugins\maven-plugin\WEB-INF\lib\maven3-interceptor-commons-1.12.jar"/>
    <property name="java.specification.version" value="1.8"/>
    <property name="PSModulePath" value="C:\Program Files\WindowsPowerShell\Modules;C:\WINDOWS\system32\WindowsPowerShell\v1.0\Modules"/>
    <property name="DriverData" value="C:\Windows\System32\Drivers\DriverData"/>
  </properties>
  <testcase classname="com.crm.qa.tests.ContactsPageTest" name="verifyContactsPageTest" time="0.066"/>
  <testcase classname="com.crm.qa.tests.HomePageTest" name="verifyLoggedInUserNameTest" time="0.902"/>
  <testcase classname="com.crm.qa.tests.LoginPageTest" name="verifyPageTitleTest" time="0.005"/>
  <testcase classname="com.crm.qa.tests.MainPageTest" name="VerifyPageTitleTest" time="0.005"/>
  <testcase classname="com.crm.qa.tests.ContactsPageTest" name="verifyHideFilterButtonExistsTest" time="0.047"/>
  <testcase classname="com.crm.qa.tests.HomePageTest" name="verifyHomeLinkTest" time="0.878"/>
  <testcase classname="com.crm.qa.tests.LoginPageTest" name="forgetPasswordLinkDisplayTest" time="0.037"/>
  <testcase classname="com.crm.qa.tests.MainPageTest" name="VerifyCRMLogoTest" time="0.038"/>
  <testcase classname="com.crm.qa.tests.ContactsPageTest" name="verifyExportButtonExistsTest" time="0.046"/>
  <testcase classname="com.crm.qa.tests.HomePageTest" name="verifyCalendarLinkTest" time="0.947"/>
  <testcase classname="com.crm.qa.tests.LoginPageTest" name="LoginToCRMTest" time="2.987"/>
  <testcase classname="com.crm.qa.tests.MainPageTest" name="ClickOnLoginButtonTest" time="8.238"/>
  <testcase classname="com.crm.qa.tests.ContactsPageTest" name="verifyNewButtonExistsTest" time="0.044"/>
  <testcase classname="com.crm.qa.tests.HomePageTest" name="verifyContactsLinkTest" time="0.603"/>
  <testcase classname="com.crm.qa.tests.MainPageTest" name="getCountOfLinksOnMainPage" time="0.027"/>
  <testcase classname="com.crm.qa.tests.ContactsPageTest" name="fillCreateNewContactsFormTest" time="8.115"/>
  <testcase classname="com.crm.qa.tests.ContactsPageTest" name="fillCreateNewContactsFormTest" time="2.497"/>
  <testcase classname="com.crm.qa.tests.ContactsPageTest" name="fillCreateNewContactsFormTest" time="2.345"/>
  <testcase classname="com.crm.qa.tests.HomePageTest" name="verifyCompaniesLinkTest" time="0.631"/>
  <testcase classname="com.crm.qa.tests.MainPageTest" name="getTextForAllLinksOnMainPage" time="0.607"/>
  <testcase classname="com.crm.qa.tests.ContactsPageTest" name="deleteContactsTest" time="3.089"/>
  <testcase classname="com.crm.qa.tests.ContactsPageTest" name="deleteContactsTest" time="2.981"/>
  <testcase classname="com.crm.qa.tests.ContactsPageTest" name="deleteContactsTest" time="10.23"/>
  <testcase classname="com.crm.qa.tests.HomePageTest" name="verifyDealsLinkTest" time="0.636"/>
  <testcase classname="com.crm.qa.tests.HomePageTest" name="verifyTasksLinkTest" time="0.883"/>
  <testcase classname="com.crm.qa.tests.HomePageTest" name="verifyCasesLinkTest" time="0.671"/>
  <testcase classname="com.crm.qa.tests.HomePageTest" name="verifyCallsLinkTest" time="0.65"/>
  <testcase classname="com.crm.qa.tests.HomePageTest" name="verifydocumentsLinkTest" time="0.665"/>
  <testcase classname="com.crm.qa.tests.HomePageTest" name="verifyEmailLinkTest" time="0.838"/>
  <testcase classname="com.crm.qa.tests.HomePageTest" name="verifyCompaniesLink" time="0.626"/>
  <testcase classname="com.crm.qa.tests.HomePageTest" name="verifyFormsLink" time="0.839"/>
</testsuite>