<?xml version="1.0" encoding="UTF-8"?>
<!-- Generated by org.testng.reporters.JUnitReportReporter -->
<testsuite hostname="DESKTOP-CIG5KTI" name="com.crm.qa.tests.LoginPageTest" tests="3" failures="0" timestamp="17 Mar 2020 04:38:12 GMT" time="49.759" errors="0">
  <testcase name="forgetPasswordLinkDisplayTest" time="15.261" classname="com.crm.qa.tests.LoginPageTest"/>
  <testcase name="LoginToCRMTest" time="19.443" classname="com.crm.qa.tests.LoginPageTest"/>
  <testcase name="verifyPageTitleTest" time="15.055" classname="com.crm.qa.tests.LoginPageTest"/>
</testsuite> <!-- com.crm.qa.tests.LoginPageTest -->
