<?xml version="1.0" encoding="UTF-8"?>
<!-- Generated by org.testng.reporters.JUnitReportReporter -->
<testsuite skipped="0" hostname="DESKTOP-CIG5KTI" name="com.crm.qa.testdata.HomePageTest" tests="13" failures="0" timestamp="08 Mar 2020 17:19:26 GMT" time="1.313" errors="0">
  <testcase name="verifyLoggedInUserNameTest" time="0.793" classname="com.crm.qa.testdata.HomePageTest"/>
  <testcase name="verifyHomeLinkTest" time="0.052" classname="com.crm.qa.testdata.HomePageTest"/>
  <testcase name="verifyCalendarLinkTest" time="0.072" classname="com.crm.qa.testdata.HomePageTest"/>
  <testcase name="verifyContactsLinkTest" time="0.036" classname="com.crm.qa.testdata.HomePageTest"/>
  <testcase name="verifyCompaniesLinkTest" time="0.032" classname="com.crm.qa.testdata.HomePageTest"/>
  <testcase name="verifyDealsLinkTest" time="0.072" classname="com.crm.qa.testdata.HomePageTest"/>
  <testcase name="verifyTasksLinkTest" time="0.040" classname="com.crm.qa.testdata.HomePageTest"/>
  <testcase name="verifyCasesLinkTest" time="0.048" classname="com.crm.qa.testdata.HomePageTest"/>
  <testcase name="verifyCallsLinkTest" time="0.052" classname="com.crm.qa.testdata.HomePageTest"/>
  <testcase name="verifydocumentsLinkTest" time="0.036" classname="com.crm.qa.testdata.HomePageTest"/>
  <testcase name="verifyEmailLinkTest" time="0.028" classname="com.crm.qa.testdata.HomePageTest"/>
  <testcase name="verifyCompaniesLink" time="0.020" classname="com.crm.qa.testdata.HomePageTest"/>
  <testcase name="verifyFormsLink" time="0.032" classname="com.crm.qa.testdata.HomePageTest"/>
</testsuite> <!-- com.crm.qa.testdata.HomePageTest -->
