<?xml version="1.0" encoding="UTF-8"?>
<!-- Generated by org.testng.reporters.JUnitReportReporter -->
<testsuite skipped="0" hostname="DESKTOP-CIG5KTI" name="com.crm.qa.testdata.MainPageTest" tests="3" failures="0" timestamp="04 Mar 2020 02:14:14 GMT" time="43.370" errors="0">
  <testcase name="VerifyPageTitleTest" time="11.640" classname="com.crm.qa.testdata.MainPageTest"/>
  <testcase name="VerifyCRMLogoTest" time="13.379" classname="com.crm.qa.testdata.MainPageTest"/>
  <testcase name="ClickOnLoginButtonTest" time="18.351" classname="com.crm.qa.testdata.MainPageTest"/>
</testsuite> <!-- com.crm.qa.testdata.MainPageTest -->
