<?xml version="1.0" encoding="UTF-8"?>
<!-- Generated by org.testng.reporters.JUnitReportReporter -->
<testsuite skipped="0" hostname="DESKTOP-CIG5KTI" name="com.crm.qa.testdata.ContactsPageTest" tests="5" failures="0" timestamp="08 Mar 2020 20:42:24 GMT" time="1.067" errors="0">
  <testcase name="verifyContactsPageTest" time="0.119" classname="com.crm.qa.testdata.ContactsPageTest"/>
  <testcase name="verifyHideFilterButtonExistsTest" time="0.067" classname="com.crm.qa.testdata.ContactsPageTest"/>
  <testcase name="verifyExportButtonExistsTest" time="0.079" classname="com.crm.qa.testdata.ContactsPageTest"/>
  <testcase name="verifyNewButtonExistsTest" time="0.080" classname="com.crm.qa.testdata.ContactsPageTest"/>
  <testcase name="CreateNewContactsTest" time="0.722" classname="com.crm.qa.testdata.ContactsPageTest"/>
</testsuite> <!-- com.crm.qa.testdata.ContactsPageTest -->
