<?xml version="1.0" encoding="UTF-8"?>
<!-- Generated by org.testng.reporters.JUnitReportReporter -->
<testsuite skipped="0" hostname="DESKTOP-CIG5KTI" name="com.crm.qa.testdata.LoginPageTest" tests="1" failures="0" timestamp="05 Mar 2020 03:20:39 GMT" time="19.050" errors="0">
  <testcase name="LoginToCRMTest" time="19.050" classname="com.crm.qa.testdata.LoginPageTest"/>
</testsuite> <!-- com.crm.qa.testdata.LoginPageTest -->
