<?xml version="1.0" encoding="UTF-8"?>
<!-- Generated by org.testng.reporters.JUnitReportReporter -->
<testsuite hostname="DESKTOP-CIG5KTI" name="com.crm.qa.tests.HomePageTest" tests="13" failures="0" timestamp="17 Mar 2020 04:38:12 GMT" time="257.040" errors="0">
  <testcase name="verifyCompaniesLink" time="18.803" classname="com.crm.qa.tests.HomePageTest"/>
  <testcase name="verifydocumentsLinkTest" time="18.721" classname="com.crm.qa.tests.HomePageTest"/>
  <testcase name="verifyLoggedInUserNameTest" time="19.003" classname="com.crm.qa.tests.HomePageTest"/>
  <testcase name="verifyEmailLinkTest" time="18.151" classname="com.crm.qa.tests.HomePageTest"/>
  <testcase name="verifyHomeLinkTest" time="18.826" classname="com.crm.qa.tests.HomePageTest"/>
  <testcase name="verifyTasksLinkTest" time="19.184" classname="com.crm.qa.tests.HomePageTest"/>
  <testcase name="verifyContactsLinkTest" time="26.615" classname="com.crm.qa.tests.HomePageTest"/>
  <testcase name="verifyDealsLinkTest" time="19.663" classname="com.crm.qa.tests.HomePageTest"/>
  <testcase name="verifyCallsLinkTest" time="18.872" classname="com.crm.qa.tests.HomePageTest"/>
  <testcase name="verifyCompaniesLinkTest" time="22.649" classname="com.crm.qa.tests.HomePageTest"/>
  <testcase name="verifyFormsLink" time="19.113" classname="com.crm.qa.tests.HomePageTest"/>
  <testcase name="verifyCasesLinkTest" time="18.566" classname="com.crm.qa.tests.HomePageTest"/>
  <testcase name="verifyCalendarLinkTest" time="18.874" classname="com.crm.qa.tests.HomePageTest"/>
</testsuite> <!-- com.crm.qa.tests.HomePageTest -->
