<?xml version="1.0" encoding="UTF-8"?>
<!-- Generated by org.testng.reporters.JUnitReportReporter -->
<testsuite hostname="DESKTOP-CIG5KTI" name="com.crm.qa.tests.MainPageTest" tests="5" failures="0" timestamp="17 Mar 2020 04:38:12 GMT" time="63.517" errors="0">
  <testcase name="VerifyCRMLogoTest" time="12.085" classname="com.crm.qa.tests.MainPageTest"/>
  <testcase name="VerifyPageTitleTest" time="11.406" classname="com.crm.qa.tests.MainPageTest"/>
  <testcase name="getCountOfLinksOnMainPage" time="11.676" classname="com.crm.qa.tests.MainPageTest"/>
  <testcase name="getTextForAllLinksOnMainPage" time="12.450" classname="com.crm.qa.tests.MainPageTest"/>
  <testcase name="ClickOnLoginButtonTest" time="15.900" classname="com.crm.qa.tests.MainPageTest"/>
</testsuite> <!-- com.crm.qa.tests.MainPageTest -->
