<?xml version="1.0" encoding="UTF-8"?>
<!-- Generated by org.testng.reporters.JUnitReportReporter -->
<testsuite hostname="DESKTOP-CIG5KTI" name="com.crm.qa.tests.LoginPageTest" tests="3" failures="0" timestamp="18 Mar 2020 02:44:01 GMT" time="53.836" errors="0">
  <testcase name="forgetPasswordLinkDisplayTest" time="17.754" classname="com.crm.qa.tests.LoginPageTest"/>
  <testcase name="verifyPageTitleTest" time="17.273" classname="com.crm.qa.tests.LoginPageTest"/>
  <testcase name="LoginToCRMTest" time="18.809" classname="com.crm.qa.tests.LoginPageTest"/>
</testsuite> <!-- com.crm.qa.tests.LoginPageTest -->
