<?xml version="1.0" encoding="UTF-8"?>
<!-- Generated by org.testng.reporters.JUnitReportReporter -->
<testsuite hostname="DESKTOP-CIG5KTI" name="com.crm.qa.tests.ContactsPageTest" tests="10" failures="0" timestamp="18 Mar 2020 02:44:01 GMT" time="225.136" errors="0">
  <testcase name="verifyNewButtonExistsTest" time="21.357" classname="com.crm.qa.tests.ContactsPageTest"/>
  <testcase name="fillCreateNewContactsFormTest" time="20.463" classname="com.crm.qa.tests.ContactsPageTest"/>
  <testcase name="fillCreateNewContactsFormTest" time="26.260" classname="com.crm.qa.tests.ContactsPageTest"/>
  <testcase name="verifyExportButtonExistsTest" time="19.280" classname="com.crm.qa.tests.ContactsPageTest"/>
  <testcase name="verifyHideFilterButtonExistsTest" time="18.791" classname="com.crm.qa.tests.ContactsPageTest"/>
  <testcase name="deleteContactsTest" time="22.281" classname="com.crm.qa.tests.ContactsPageTest"/>
  <testcase name="deleteContactsTest" time="21.049" classname="com.crm.qa.tests.ContactsPageTest"/>
  <testcase name="fillCreateNewContactsFormTest" time="23.580" classname="com.crm.qa.tests.ContactsPageTest"/>
  <testcase name="deleteContactsTest" time="32.471" classname="com.crm.qa.tests.ContactsPageTest"/>
  <testcase name="verifyContactsPageTest" time="19.604" classname="com.crm.qa.tests.ContactsPageTest"/>
</testsuite> <!-- com.crm.qa.tests.ContactsPageTest -->
