<?xml version="1.0" encoding="UTF-8"?>
<!-- Generated by org.testng.reporters.JUnitReportReporter -->
<testsuite hostname="DESKTOP-CIG5KTI" name="com.crm.qa.tests.HomePageTest" tests="13" failures="0" timestamp="18 Mar 2020 02:44:01 GMT" time="254.575" errors="0">
  <testcase name="verifyHomeLinkTest" time="19.723" classname="com.crm.qa.tests.HomePageTest"/>
  <testcase name="verifyCalendarLinkTest" time="20.208" classname="com.crm.qa.tests.HomePageTest"/>
  <testcase name="verifyCasesLinkTest" time="18.481" classname="com.crm.qa.tests.HomePageTest"/>
  <testcase name="verifyCallsLinkTest" time="19.356" classname="com.crm.qa.tests.HomePageTest"/>
  <testcase name="verifyEmailLinkTest" time="20.077" classname="com.crm.qa.tests.HomePageTest"/>
  <testcase name="verifyLoggedInUserNameTest" time="19.625" classname="com.crm.qa.tests.HomePageTest"/>
  <testcase name="verifyTasksLinkTest" time="18.176" classname="com.crm.qa.tests.HomePageTest"/>
  <testcase name="verifyCompaniesLinkTest" time="18.699" classname="com.crm.qa.tests.HomePageTest"/>
  <testcase name="verifydocumentsLinkTest" time="21.921" classname="com.crm.qa.tests.HomePageTest"/>
  <testcase name="verifyFormsLink" time="21.814" classname="com.crm.qa.tests.HomePageTest"/>
  <testcase name="verifyContactsLinkTest" time="18.830" classname="com.crm.qa.tests.HomePageTest"/>
  <testcase name="verifyCompaniesLink" time="19.327" classname="com.crm.qa.tests.HomePageTest"/>
  <testcase name="verifyDealsLinkTest" time="18.338" classname="com.crm.qa.tests.HomePageTest"/>
</testsuite> <!-- com.crm.qa.tests.HomePageTest -->
