<?xml version="1.0" encoding="UTF-8"?>
<!-- Generated by org.testng.reporters.JUnitReportReporter -->
<testsuite hostname="DESKTOP-CIG5KTI" name="com.crm.qa.tests.MainPageTest" tests="5" failures="0" timestamp="18 Mar 2020 02:44:01 GMT" time="67.091" errors="0">
  <testcase name="getTextForAllLinksOnMainPage" time="11.998" classname="com.crm.qa.tests.MainPageTest"/>
  <testcase name="VerifyPageTitleTest" time="11.605" classname="com.crm.qa.tests.MainPageTest"/>
  <testcase name="VerifyCRMLogoTest" time="11.224" classname="com.crm.qa.tests.MainPageTest"/>
  <testcase name="getCountOfLinksOnMainPage" time="12.594" classname="com.crm.qa.tests.MainPageTest"/>
  <testcase name="ClickOnLoginButtonTest" time="19.670" classname="com.crm.qa.tests.MainPageTest"/>
</testsuite> <!-- com.crm.qa.tests.MainPageTest -->
